2026-02-19 19:23:39,044 - ctx.app_ctx - INFO - App enter lifespan
2026-02-19 19:23:39,045 - ctx.app_ctx - INFO - REDIS loading...
2026-02-19 19:23:39,048 - ctx.app_ctx - INFO - REDIS ping...
2026-02-19 19:23:55,986 - ctx.app_ctx - INFO - App enter lifespan
2026-02-19 19:23:55,987 - ctx.app_ctx - INFO - REDIS loading...
2026-02-19 19:23:55,989 - ctx.app_ctx - INFO - REDIS ping...
2026-02-19 19:24:03,337 - ctx.app_ctx - INFO - App exit lifespan
2026-02-19 19:25:28,121 - ctx.app_ctx - INFO - App enter lifespan
2026-02-19 19:25:28,122 - ctx.app_ctx - INFO - REDIS loading...
2026-02-19 19:25:28,124 - ctx.app_ctx - INFO - REDIS ping...
2026-02-19 19:26:49,951 - ctx.app_ctx - INFO - App exit lifespan
2026-02-19 19:29:06,524 - ctx.app_ctx - INFO - App enter lifespan
2026-02-19 19:29:06,525 - ctx.app_ctx - INFO - REDIS loading...
2026-02-19 19:29:06,528 - ctx.app_ctx - INFO - REDIS ping...
2026-02-19 19:30:28,761 - ctx.app_ctx - INFO - App exit lifespan
2026-02-19 19:30:30,614 - ctx.app_ctx - INFO - App enter lifespan
2026-02-19 19:30:30,615 - ctx.app_ctx - INFO - REDIS loading...
2026-02-19 19:30:30,619 - ctx.app_ctx - INFO - REDIS ping...
2026-02-19 19:32:29,692 - ctx.app_ctx - INFO - App exit lifespan
2026-02-19 19:32:29,735 - asyncio - ERROR - Future exception was never retrieved
future: <Future finished exception=ConnectionResetError(22, 'The specified network name is no longer available', None, 64, None)>
Traceback (most recent call last):
  File "C:\Program Files\WindowsApps\PythonSoftwareFoundation.Python.3.11_3.11.2544.0_x64__qbz5n2kfra8p0\Lib\asyncio\windows_events.py", line 494, in finish_recv
    return ov.getresult()
           ^^^^^^^^^^^^^^
OSError: [WinError 64] The specified network name is no longer available

During handling of the above exception, another exception occurred:

Traceback (most recent call last):
  File "C:\Repos\python-cv\app-web-docker\Lib\site-packages\redis\asyncio\connection.py", line 650, in read_response
    response = await self._parser.read_response(
               ^^^^^^^^^^^^^^^^^^^^^^^^^^^^^^^^^
  File "C:\Repos\python-cv\app-web-docker\Lib\site-packages\redis\_parsers\hiredis.py", line 275, in read_response
    await self.read_from_socket()
  File "C:\Repos\python-cv\app-web-docker\Lib\site-packages\redis\_parsers\hiredis.py", line 252, in read_from_socket
    buffer = await self._stream.read(self._read_size)
             ^^^^^^^^^^^^^^^^^^^^^^^^^^^^^^^^^^^^^^^^
  File "C:\Program Files\WindowsApps\PythonSoftwareFoundation.Python.3.11_3.11.2544.0_x64__qbz5n2kfra8p0\Lib\asyncio\streams.py", line 711, in read
    await self._wait_for_data('read')
  File "C:\Program Files\WindowsApps\PythonSoftwareFoundation.Python.3.11_3.11.2544.0_x64__qbz5n2kfra8p0\Lib\asyncio\streams.py", line 543, in _wait_for_data
    await self._waiter
  File "C:\Program Files\WindowsApps\PythonSoftwareFoundation.Python.3.11_3.11.2544.0_x64__qbz5n2kfra8p0\Lib\asyncio\proactor_events.py", line 286, in _loop_reading
    length = fut.result()
             ^^^^^^^^^^^^
  File "C:\Program Files\WindowsApps\PythonSoftwareFoundation.Python.3.11_3.11.2544.0_x64__qbz5n2kfra8p0\Lib\asyncio\windows_events.py", line 854, in _poll
    value = callback(transferred, key, ov)
            ^^^^^^^^^^^^^^^^^^^^^^^^^^^^^^
  File "C:\Program Files\WindowsApps\PythonSoftwareFoundation.Python.3.11_3.11.2544.0_x64__qbz5n2kfra8p0\Lib\asyncio\windows_events.py", line 498, in finish_recv
    raise ConnectionResetError(*exc.args)
ConnectionResetError: [WinError 64] The specified network name is no longer available
2026-02-19 19:32:32,666 - ctx.app_ctx - INFO - == App enter lifespan ==
2026-02-19 19:32:32,667 - ctx.app_ctx - INFO - REDIS loading...
2026-02-19 19:32:32,670 - ctx.app_ctx - INFO - REDIS ping...
2026-02-19 19:32:34,756 - ctx.app_ctx - INFO - Load advices to REDIS...
2026-02-19 19:32:34,853 - ctx.app_ctx - INFO - == App started ==
2026-02-19 19:34:57,350 - ctx.app_ctx - INFO - App exit lifespan
2026-02-19 19:36:35,167 - ctx.app_ctx - INFO - == App enter lifespan ==
2026-02-19 19:36:35,168 - ctx.app_ctx - INFO - REDIS loading...
2026-02-19 19:36:35,168 - ctx.app_ctx - INFO - REDIS ping...
2026-02-19 19:36:37,245 - ctx.app_ctx - INFO - Load advices to REDIS...
2026-02-19 19:36:37,333 - ctx.app_ctx - INFO - == App started ==
2026-02-19 19:38:04,750 - ctx.app_ctx - INFO - App exit lifespan
2026-02-19 19:40:20,622 - ctx.app_ctx - INFO - == App enter lifespan ==
2026-02-19 19:40:20,624 - ctx.app_ctx - INFO - REDIS loading...
2026-02-19 19:40:20,624 - ctx.app_ctx - INFO - REDIS ping...
2026-02-19 19:40:49,069 - ctx.app_ctx - INFO - == App enter lifespan ==
2026-02-19 19:40:49,070 - ctx.app_ctx - INFO - REDIS loading...
2026-02-19 19:40:49,070 - ctx.app_ctx - INFO - REDIS ping...
2026-02-19 19:40:51,107 - ctx.app_ctx - INFO - Load advices to REDIS...
2026-02-19 19:40:51,196 - ctx.app_ctx - INFO - == App started ==
2026-02-19 19:41:03,669 - __main__ - INFO - User requested static/index.html
2026-02-19 19:41:57,509 - ctx.app_ctx - INFO - App exit lifespan
2026-02-19 19:41:59,927 - ctx.app_ctx - INFO - == App enter lifespan ==
2026-02-19 19:41:59,928 - ctx.app_ctx - INFO - REDIS loading...
2026-02-19 19:41:59,928 - ctx.app_ctx - INFO - REDIS ping...
2026-02-19 19:42:01,968 - ctx.app_ctx - INFO - Load advices to REDIS...
2026-02-19 19:42:02,064 - ctx.app_ctx - INFO - == App started ==
2026-02-19 19:42:22,150 - ctx.app_ctx - INFO - App exit lifespan
2026-02-19 19:42:24,738 - ctx.app_ctx - INFO - == App enter lifespan ==
2026-02-19 19:42:24,739 - ctx.app_ctx - INFO - REDIS loading...
2026-02-19 19:42:24,739 - ctx.app_ctx - INFO - REDIS ping...
2026-02-19 19:42:26,792 - ctx.app_ctx - INFO - Load advices to REDIS...
2026-02-19 19:42:26,880 - ctx.app_ctx - INFO - == App started ==
2026-02-19 19:42:42,786 - ctx.app_ctx - INFO - App exit lifespan
2026-02-19 19:45:11,560 - ctx.app_ctx - INFO - == App enter lifespan ==
2026-02-19 19:45:11,561 - ctx.app_ctx - INFO - REDIS loading...
2026-02-19 19:45:11,561 - ctx.app_ctx - INFO - REDIS ping...
2026-02-19 19:45:13,620 - ctx.app_ctx - INFO - Load advices to REDIS...
2026-02-19 19:45:13,711 - ctx.app_ctx - INFO - == App started ==
2026-02-19 19:46:16,423 - ctx.app_ctx - INFO - App exit lifespan
2026-02-19 19:46:18,370 - ctx.app_ctx - INFO - == App enter lifespan ==
2026-02-19 19:46:18,371 - ctx.app_ctx - INFO - REDIS loading...
2026-02-19 19:46:18,371 - ctx.app_ctx - INFO - REDIS ping...
2026-02-20 13:20:01,894 - ctx.app_ctx - INFO - == App enter lifespan ==
2026-02-20 13:20:01,895 - ctx.app_ctx - INFO - REDIS localhost:8001 loading...
2026-02-20 13:20:01,895 - ctx.app_ctx - INFO - REDIS ping...
2026-02-20 13:20:50,002 - ctx.app_ctx - INFO - == App enter lifespan ==
2026-02-20 13:20:50,003 - ctx.app_ctx - INFO - REDIS localhost:8001 loading...
2026-02-20 13:20:50,003 - ctx.app_ctx - INFO - REDIS ping...
2026-02-20 13:34:51,209 - __main__ - INFO - User requested static/index.html
2026-02-20 13:35:08,423 - __main__ - INFO - User requested static/index.html
2026-02-20 13:37:19,196 - __main__ - INFO - User requested static/index.html
